TN:
SF:/afs/cats.ucsc.edu/users/j/rzhong6/cse111/Lab5/src/radix.cc
FN:40,_ZN11RadixServerC2Eij
FNDA:2,_ZN11RadixServerC2Eij
FN:95,_ZN11RadixClient3msdEPKciRSt6vectorISt17reference_wrapperIS2_IjSaIjEEESaIS6_EE
FNDA:2,_ZN11RadixClient3msdEPKciRSt6vectorISt17reference_wrapperIS2_IjSaIjEEESaIS6_EE
FN:151,_Z19ithSignificantDigitjj
FNDA:97348,_Z19ithSignificantDigitjj
FN:157,_Z12MSDRadixSortRSt6vectorIjSaIjEEjj
FNDA:567154,_Z12MSDRadixSortRSt6vectorIjSaIjEEjj
FN:185,_Z10msdWrapperRSt6vectorIjSaIjEEj
FNDA:8,_Z10msdWrapperRSt6vectorIjSaIjEEj
FN:205,_ZZ10msdWrapperRSt6vectorIjSaIjEEjENKUljE_clEj
FNDA:16,_ZZ10msdWrapperRSt6vectorIjSaIjEEjENKUljE_clEj
FN:231,_ZZ10msdWrapperRSt6vectorIjSaIjEEjENKUljE0_clEj
FNDA:16,_ZZ10msdWrapperRSt6vectorIjSaIjEEjENKUljE0_clEj
FN:253,_ZZ10msdWrapperRSt6vectorIjSaIjEEjENKUlS2_jE1_clES2_j
FNDA:16,_ZZ10msdWrapperRSt6vectorIjSaIjEEjENKUlS2_jE1_clES2_j
FN:282,_ZZ10msdWrapperRSt6vectorIjSaIjEEjENKUljE2_clEj
FNDA:16,_ZZ10msdWrapperRSt6vectorIjSaIjEEjENKUljE2_clEj
DA:40,2
DA:44,2
DA:47,2
DA:48,2
DA:49,2
DA:50,2
DA:52,2
DA:54,2
DA:59,2
DA:60,2
DA:62,2
DA:63,4
DA:64,8202
BRDA:64,0,0,8200
BRDA:64,0,1,2
DA:68,8200
DA:69,8200
BRDA:69,0,0,8
BRDA:69,0,1,8192
DA:71,8
DA:74,8200
BRDA:74,0,0,8192
BRDA:74,0,1,8
DA:76,8192
DA:77,8192
DA:78,8192
DA:80,8
DA:81,8
DA:82,8
DA:84,8
DA:85,8
DA:87,8192
DA:90,2
DA:92,2
DA:93,2
DA:95,2
DA:101,2
DA:104,2
DA:106,2
DA:107,2
DA:108,2
DA:109,2
DA:112,2
DA:116,10
BRDA:116,0,0,8
BRDA:116,0,1,2
DA:120,8200
BRDA:120,0,0,8192
BRDA:120,0,1,8
DA:122,8192
DA:123,8192
DA:124,8192
DA:126,8
DA:127,8
DA:128,8
DA:133,8
DA:134,8
DA:135,8
DA:136,8
DA:137,8200
BRDA:137,0,0,8192
BRDA:137,0,1,8
DA:138,8192
DA:139,8192
DA:140,8192
DA:141,8192
DA:144,2
DA:145,2
DA:151,97348
DA:152,97348
DA:153,97348
BRDA:153,0,0,96174
BRDA:153,0,1,1174
DA:157,567154
DA:159,567154
BRDA:159,0,0,59750
BRDA:159,0,1,507404
BRDA:159,0,2,8192
BRDA:159,0,3,51558
BRDA:159,0,4,515596
BRDA:159,0,5,51558
DA:160,515596
DA:162,103116
DA:163,618696
BRDA:163,0,0,567138
BRDA:163,0,1,51558
DA:164,567138
DA:166,132522
BRDA:166,0,0,80964
BRDA:166,0,1,51558
DA:167,80964
DA:168,80964
DA:170,618696
BRDA:170,0,0,567138
BRDA:170,0,1,51558
DA:171,567138
DA:174,51558
DA:175,618696
BRDA:175,0,0,567138
BRDA:175,0,1,51558
DA:176,648102
BRDA:176,0,0,80964
BRDA:176,0,1,567138
DA:177,80964
DA:180,51558
DA:185,8
DA:190,24
DA:193,8
DA:195,16
DA:199,8
DA:203,8
DA:204,24
BRDA:204,0,0,16
BRDA:204,0,1,8
DA:205,16
DA:206,8208
BRDA:206,0,0,8192
BRDA:206,0,1,16
DA:207,8192
DA:208,8192
DA:209,8192
DA:210,8192
DA:211,8192
DA:212,8192
DA:214,32
DA:215,16
DA:217,24
BRDA:217,0,0,16
BRDA:217,0,1,8
DA:218,16
DA:227,8
DA:228,16
DA:229,8
DA:230,24
BRDA:230,0,0,16
BRDA:230,0,1,8
DA:231,16
DA:232,32
DA:233,808
BRDA:233,0,0,800
BRDA:233,0,1,8
BRDA:233,0,2,792
BRDA:233,0,3,8
DA:234,8984
BRDA:234,0,0,8192
BRDA:234,0,1,792
DA:235,8192
DA:238,16
DA:239,32
DA:240,16
DA:242,24
BRDA:242,0,0,16
BRDA:242,0,1,8
DA:243,16
DA:251,8
DA:252,24
BRDA:252,0,0,16
BRDA:252,0,1,8
DA:253,16
DA:255,16
DA:256,16
DA:257,8208
BRDA:257,0,0,8192
BRDA:257,0,1,16
DA:258,8192
BRDA:258,0,0,1542
BRDA:258,0,1,6650
DA:259,1542
DA:262,16
DA:264,16
DA:265,16
DA:266,16
DA:268,24
BRDA:268,0,0,16
BRDA:268,0,1,8
DA:269,16
DA:275,16
DA:276,8
DA:277,24
BRDA:277,0,0,16
BRDA:277,0,1,8
DA:278,16
DA:280,8
DA:281,24
BRDA:281,0,0,16
BRDA:281,0,1,8
DA:282,16
DA:283,8208
BRDA:283,0,0,8192
BRDA:283,0,1,16
DA:284,8192
DA:286,32
DA:287,16
DA:289,24
BRDA:289,0,0,16
BRDA:289,0,1,8
DA:290,16
DA:292,8
end_of_record
