src/Polygon.cc: In member function ‘virtual bool Polygon::ContainedBy(Circle&)’:
src/Polygon.cc:14:22: warning: comparison of integer expressions of different signedness: ‘int’ and ‘std::vector<Point>::size_type’ {aka ‘long unsigned int’} [-Wsign-compare]
   14 |     for(int i = 0; i < vertices.size(); i++){
      |                    ~~^~~~~~~~~~~~~~~~~
src/Polygon.cc: In member function ‘virtual bool Polygon::ContainedBy(Polygon&)’:
src/Polygon.cc:31:19: warning: variable ‘inner_curr_point’ set but not used [-Wunused-but-set-variable]
   31 |             Point inner_curr_point = polygon.vertices[i];
      |                   ^~~~~~~~~~~~~~~~
src/Polygon.cc:32:19: warning: variable ‘inner_next_point’ set but not used [-Wunused-but-set-variable]
   32 |             Point inner_next_point = polygon.vertices[(i+1)%outter_sz];
      |                   ^~~~~~~~~~~~~~~~
src/Polygon.cc: In member function ‘virtual bool Polygon::ContainedBy(ReuleauxTriangle&)’:
src/Polygon.cc:49:26: warning: comparison of integer expressions of different signedness: ‘int’ and ‘std::vector<Point>::size_type’ {aka ‘long unsigned int’} [-Wsign-compare]
   49 |         for(int i = 0; i < vertices.size(); i++){
      |                        ~~^~~~~~~~~~~~~~~~~
src/Geom.cc: In static member function ‘static Point Geom::Centroid(const Polygon&)’:
src/Geom.cc:106:18: warning: comparison of integer expressions of different signedness: ‘int’ and ‘std::vector<Point>::size_type’ {aka ‘long unsigned int’} [-Wsign-compare]
  106 |     for(i = 0; i < polygon.vertices.size(); i++){
      |                ~~^~~~~~~~~~~~~~~~~~~~~~~~~
src/Reuleaux.cc: In member function ‘virtual bool ReuleauxTriangle::ContainedBy(Circle&)’:
src/Reuleaux.cc:13:1: warning: no return statement in function returning non-void [-Wreturn-type]
   13 | }
      | ^
src/Reuleaux.cc:11:44: warning: unused parameter ‘circle’ [-Wunused-parameter]
   11 | bool ReuleauxTriangle::ContainedBy(Circle &circle){
      |                                    ~~~~~~~~^~~~~~
src/Reuleaux.cc: In member function ‘virtual bool ReuleauxTriangle::ContainedBy(Polygon&)’:
src/Reuleaux.cc:17:1: warning: no return statement in function returning non-void [-Wreturn-type]
   17 | }
      | ^
src/Reuleaux.cc:15:45: warning: unused parameter ‘polygon’ [-Wunused-parameter]
   15 | bool ReuleauxTriangle::ContainedBy(Polygon &polygon){
      |                                    ~~~~~~~~~^~~~~~~
src/Reuleaux.cc: In member function ‘virtual bool ReuleauxTriangle::ContainedBy(ReuleauxTriangle&)’:
src/Reuleaux.cc:21:1: warning: no return statement in function returning non-void [-Wreturn-type]
   21 | }
      | ^
src/Reuleaux.cc:19:54: warning: unused parameter ‘rt’ [-Wunused-parameter]
   19 | bool ReuleauxTriangle::ContainedBy(ReuleauxTriangle &rt){
      |                                    ~~~~~~~~~~~~~~~~~~^~
tests/ReuleauxPolygonTest.cc: In member function ‘virtual void ReuleauxPolygon_Contained_Test::TestBody()’:
tests/ReuleauxPolygonTest.cc:18:22: warning: variable ‘rt’ set but not used [-Wunused-but-set-variable]
   18 |     ReuleauxTriangle rt = ReuleauxTriangle(rt_vertices);
      |                      ^~
tests/ReuleauxPolygonTest.cc: In member function ‘virtual void ReuleauxPolygon_Outside_Test::TestBody()’:
tests/ReuleauxPolygonTest.cc:32:22: warning: variable ‘rt’ set but not used [-Wunused-but-set-variable]
   32 |     ReuleauxTriangle rt = ReuleauxTriangle(rt_vertices);
      |                      ^~
tests/ReuleauxPolygonTest.cc: In member function ‘virtual void ReuleauxPolygon_Surround_Test::TestBody()’:
tests/ReuleauxPolygonTest.cc:46:22: warning: variable ‘rt’ set but not used [-Wunused-but-set-variable]
   46 |     ReuleauxTriangle rt = ReuleauxTriangle(rt_vertices);
      |                      ^~
tests/ReuleauxPolygonTest.cc: In member function ‘virtual void ReuleauxPolygon_Intersect_Test::TestBody()’:
tests/ReuleauxPolygonTest.cc:60:22: warning: variable ‘rt’ set but not used [-Wunused-but-set-variable]
   60 |     ReuleauxTriangle rt = ReuleauxTriangle(rt_vertices);
      |                      ^~
tests/ReuleauxPolygonTest.cc: In member function ‘virtual void ReuleauxPolygon_TouchInside_Test::TestBody()’:
tests/ReuleauxPolygonTest.cc:74:22: warning: variable ‘rt’ set but not used [-Wunused-but-set-variable]
   74 |     ReuleauxTriangle rt = ReuleauxTriangle(rt_vertices);
      |                      ^~
tests/ReuleauxPolygonTest.cc: In member function ‘virtual void ReuleauxPolygon_TouchOutside_Test::TestBody()’:
tests/ReuleauxPolygonTest.cc:88:22: warning: variable ‘rt’ set but not used [-Wunused-but-set-variable]
   88 |     ReuleauxTriangle rt = ReuleauxTriangle(rt_vertices);
      |                      ^~
tests/ReuleauxPolygonTest.cc: In member function ‘virtual void ReuleauxPolygon_Conincedent_Test::TestBody()’:
tests/ReuleauxPolygonTest.cc:102:22: warning: variable ‘rt’ set but not used [-Wunused-but-set-variable]
  102 |     ReuleauxTriangle rt = ReuleauxTriangle(rt_vertices);
      |                      ^~
tests/CirclePolygonTest.cc: In member function ‘virtual void CirclePolygon_Contained_Test::TestBody()’:
tests/CirclePolygonTest.cc:17:12: warning: variable ‘circle’ set but not used [-Wunused-but-set-variable]
   17 |     Circle circle = Circle(Point(0.0,0.0), 2.0);
      |            ^~~~~~
tests/CirclePolygonTest.cc: In member function ‘virtual void CirclePolygon_Outside_Test::TestBody()’:
tests/CirclePolygonTest.cc:32:12: warning: variable ‘circle’ set but not used [-Wunused-but-set-variable]
   32 |     Circle circle = Circle(Point(0.0,0.0), 2.0);
      |            ^~~~~~
tests/CirclePolygonTest.cc: In member function ‘virtual void CirclePolygon_Surround_Test::TestBody()’:
tests/CirclePolygonTest.cc:47:12: warning: variable ‘circle’ set but not used [-Wunused-but-set-variable]
   47 |     Circle circle = Circle(Point(0.0,0.0), 2.0);
      |            ^~~~~~
tests/CirclePolygonTest.cc: In member function ‘virtual void CirclePolygon_Intersect_Test::TestBody()’:
tests/CirclePolygonTest.cc:62:12: warning: variable ‘circle’ set but not used [-Wunused-but-set-variable]
   62 |     Circle circle = Circle(Point(0.0,0.0), 2.0);
      |            ^~~~~~
tests/CirclePolygonTest.cc: In member function ‘virtual void CirclePolygon_TouchInside_Test::TestBody()’:
tests/CirclePolygonTest.cc:77:12: warning: variable ‘circle’ set but not used [-Wunused-but-set-variable]
   77 |     Circle circle = Circle(Point(0.0,0.0), 2.0);
      |            ^~~~~~
tests/CirclePolygonTest.cc: In member function ‘virtual void CirclePolygon_TouchOutside_Test::TestBody()’:
tests/CirclePolygonTest.cc:92:12: warning: variable ‘circle’ set but not used [-Wunused-but-set-variable]
   92 |     Circle circle = Circle(Point(0.0,0.0), 2.0);
      |            ^~~~~~
tests/CirclePolygonTest.cc: In member function ‘virtual void CirclePolygon_Conincedent_Test::TestBody()’:
tests/CirclePolygonTest.cc:107:12: warning: variable ‘circle’ set but not used [-Wunused-but-set-variable]
  107 |     Circle circle = Circle(Point(0.0,0.0), 2.0);
      |            ^~~~~~
tests/PolygonReuleaux.cc: In member function ‘virtual void PolygonReuleaux_TouchInside_Test::TestBody()’:
tests/PolygonReuleaux.cc:78:39: error: no matching function for call to ‘Point::Point(int, int, double)’
   78 |     vertices.push_back(Point(0,0, 2.08));
      |                                       ^
In file included from include/Polygon.h:14,
                 from tests/PolygonReuleaux.cc:1:
include/Point.h:30:5: note: candidate: ‘Point::Point(double, double)’
   30 |     Point(double dx, double dy) { x = dx; y = dy; }
      |     ^~~~~
include/Point.h:30:5: note:   candidate expects 2 arguments, 3 provided
include/Point.h:29:5: note: candidate: ‘Point::Point()’
   29 |     Point() { x = 0.0, y = 0.0; }
      |     ^~~~~
include/Point.h:29:5: note:   candidate expects 0 arguments, 3 provided
include/Point.h:24:7: note: candidate: ‘constexpr Point::Point(const Point&)’
   24 | class Point {
      |       ^~~~~
include/Point.h:24:7: note:   candidate expects 1 argument, 3 provided
include/Point.h:24:7: note: candidate: ‘constexpr Point::Point(Point&&)’
include/Point.h:24:7: note:   candidate expects 1 argument, 3 provided
tests/PolygonReuleaux.cc: In member function ‘virtual void PolygonReuleaux_TouchInside_Test::TestBody()’:
tests/PolygonReuleaux.cc:78:39: error: no matching function for call to ‘Point::Point(int, int, double)’
   78 |     vertices.push_back(Point(0,0, 2.08));
      |                                       ^
In file included from include/Polygon.h:14,
                 from tests/PolygonReuleaux.cc:1:
include/Point.h:30:5: note: candidate: ‘Point::Point(double, double)’
   30 |     Point(double dx, double dy) { x = dx; y = dy; }
      |     ^~~~~
include/Point.h:30:5: note:   candidate expects 2 arguments, 3 provided
include/Point.h:29:5: note: candidate: ‘Point::Point()’
   29 |     Point() { x = 0.0, y = 0.0; }
      |     ^~~~~
include/Point.h:29:5: note:   candidate expects 0 arguments, 3 provided
include/Point.h:24:7: note: candidate: ‘constexpr Point::Point(const Point&)’
   24 | class Point {
      |       ^~~~~
include/Point.h:24:7: note:   candidate expects 1 argument, 3 provided
include/Point.h:24:7: note: candidate: ‘constexpr Point::Point(Point&&)’
include/Point.h:24:7: note:   candidate expects 1 argument, 3 provided
src/Polygon.cc: In member function ‘virtual bool Polygon::ContainedBy(Circle&)’:
src/Polygon.cc:14:22: warning: comparison of integer expressions of different signedness: ‘int’ and ‘std::vector<Point>::size_type’ {aka ‘long unsigned int’} [-Wsign-compare]
   14 |     for(int i = 0; i < vertices.size(); i++){
      |                    ~~^~~~~~~~~~~~~~~~~
src/Polygon.cc: In member function ‘virtual bool Polygon::ContainedBy(Polygon&)’:
src/Polygon.cc:31:19: warning: variable ‘inner_curr_point’ set but not used [-Wunused-but-set-variable]
   31 |             Point inner_curr_point = polygon.vertices[i];
      |                   ^~~~~~~~~~~~~~~~
src/Polygon.cc:32:19: warning: variable ‘inner_next_point’ set but not used [-Wunused-but-set-variable]
   32 |             Point inner_next_point = polygon.vertices[(i+1)%outter_sz];
      |                   ^~~~~~~~~~~~~~~~
src/Polygon.cc: In member function ‘virtual bool Polygon::ContainedBy(ReuleauxTriangle&)’:
src/Polygon.cc:49:26: warning: comparison of integer expressions of different signedness: ‘int’ and ‘std::vector<Point>::size_type’ {aka ‘long unsigned int’} [-Wsign-compare]
   49 |         for(int i = 0; i < vertices.size(); i++){
      |                        ~~^~~~~~~~~~~~~~~~~
src/Geom.cc: In static member function ‘static Point Geom::Centroid(const Polygon&)’:
src/Geom.cc:113:18: warning: comparison of integer expressions of different signedness: ‘int’ and ‘std::vector<Point>::size_type’ {aka ‘long unsigned int’} [-Wsign-compare]
  113 |     for(i = 0; i < polygon.vertices.size(); i++){
      |                ~~^~~~~~~~~~~~~~~~~~~~~~~~~
tests/ReuleauxPolygonTest.cc: In member function ‘virtual void ReuleauxPolygon_Contained_Test::TestBody()’:
tests/ReuleauxPolygonTest.cc:18:22: warning: variable ‘rt’ set but not used [-Wunused-but-set-variable]
   18 |     ReuleauxTriangle rt = ReuleauxTriangle(rt_vertices);
      |                      ^~
tests/ReuleauxPolygonTest.cc: In member function ‘virtual void ReuleauxPolygon_Outside_Test::TestBody()’:
tests/ReuleauxPolygonTest.cc:32:22: warning: variable ‘rt’ set but not used [-Wunused-but-set-variable]
   32 |     ReuleauxTriangle rt = ReuleauxTriangle(rt_vertices);
      |                      ^~
tests/ReuleauxPolygonTest.cc: In member function ‘virtual void ReuleauxPolygon_Surround_Test::TestBody()’:
tests/ReuleauxPolygonTest.cc:46:22: warning: variable ‘rt’ set but not used [-Wunused-but-set-variable]
   46 |     ReuleauxTriangle rt = ReuleauxTriangle(rt_vertices);
      |                      ^~
tests/ReuleauxPolygonTest.cc: In member function ‘virtual void ReuleauxPolygon_Intersect_Test::TestBody()’:
tests/ReuleauxPolygonTest.cc:60:22: warning: variable ‘rt’ set but not used [-Wunused-but-set-variable]
   60 |     ReuleauxTriangle rt = ReuleauxTriangle(rt_vertices);
      |                      ^~
tests/ReuleauxPolygonTest.cc: In member function ‘virtual void ReuleauxPolygon_TouchInside_Test::TestBody()’:
tests/ReuleauxPolygonTest.cc:74:22: warning: variable ‘rt’ set but not used [-Wunused-but-set-variable]
   74 |     ReuleauxTriangle rt = ReuleauxTriangle(rt_vertices);
      |                      ^~
tests/ReuleauxPolygonTest.cc: In member function ‘virtual void ReuleauxPolygon_TouchOutside_Test::TestBody()’:
tests/ReuleauxPolygonTest.cc:88:22: warning: variable ‘rt’ set but not used [-Wunused-but-set-variable]
   88 |     ReuleauxTriangle rt = ReuleauxTriangle(rt_vertices);
      |                      ^~
tests/ReuleauxPolygonTest.cc: In member function ‘virtual void ReuleauxPolygon_Conincedent_Test::TestBody()’:
tests/ReuleauxPolygonTest.cc:102:22: warning: variable ‘rt’ set but not used [-Wunused-but-set-variable]
  102 |     ReuleauxTriangle rt = ReuleauxTriangle(rt_vertices);
      |                      ^~
tests/CirclePolygonTest.cc: In member function ‘virtual void CirclePolygon_Contained_Test::TestBody()’:
tests/CirclePolygonTest.cc:17:12: warning: variable ‘circle’ set but not used [-Wunused-but-set-variable]
   17 |     Circle circle = Circle(Point(0.0,0.0), 2.0);
      |            ^~~~~~
tests/CirclePolygonTest.cc: In member function ‘virtual void CirclePolygon_Outside_Test::TestBody()’:
tests/CirclePolygonTest.cc:32:12: warning: variable ‘circle’ set but not used [-Wunused-but-set-variable]
   32 |     Circle circle = Circle(Point(0.0,0.0), 2.0);
      |            ^~~~~~
tests/CirclePolygonTest.cc: In member function ‘virtual void CirclePolygon_Surround_Test::TestBody()’:
tests/CirclePolygonTest.cc:47:12: warning: variable ‘circle’ set but not used [-Wunused-but-set-variable]
   47 |     Circle circle = Circle(Point(0.0,0.0), 2.0);
      |            ^~~~~~
tests/CirclePolygonTest.cc: In member function ‘virtual void CirclePolygon_Intersect_Test::TestBody()’:
tests/CirclePolygonTest.cc:62:12: warning: variable ‘circle’ set but not used [-Wunused-but-set-variable]
   62 |     Circle circle = Circle(Point(0.0,0.0), 2.0);
      |            ^~~~~~
tests/CirclePolygonTest.cc: In member function ‘virtual void CirclePolygon_TouchInside_Test::TestBody()’:
tests/CirclePolygonTest.cc:77:12: warning: variable ‘circle’ set but not used [-Wunused-but-set-variable]
   77 |     Circle circle = Circle(Point(0.0,0.0), 2.0);
      |            ^~~~~~
tests/CirclePolygonTest.cc: In member function ‘virtual void CirclePolygon_TouchOutside_Test::TestBody()’:
tests/CirclePolygonTest.cc:92:12: warning: variable ‘circle’ set but not used [-Wunused-but-set-variable]
   92 |     Circle circle = Circle(Point(0.0,0.0), 2.0);
      |            ^~~~~~
tests/CirclePolygonTest.cc: In member function ‘virtual void CirclePolygon_Conincedent_Test::TestBody()’:
tests/CirclePolygonTest.cc:107:12: warning: variable ‘circle’ set but not used [-Wunused-but-set-variable]
  107 |     Circle circle = Circle(Point(0.0,0.0), 2.0);
      |            ^~~~~~
src/Polygon.cc: In member function ‘virtual bool Polygon::ContainedBy(Circle&)’:
src/Polygon.cc:14:22: warning: comparison of integer expressions of different signedness: ‘int’ and ‘std::vector<Point>::size_type’ {aka ‘long unsigned int’} [-Wsign-compare]
   14 |     for(int i = 0; i < vertices.size(); i++){
      |                    ~~^~~~~~~~~~~~~~~~~
src/Polygon.cc: In member function ‘virtual bool Polygon::ContainedBy(Polygon&)’:
src/Polygon.cc:31:19: warning: variable ‘inner_curr_point’ set but not used [-Wunused-but-set-variable]
   31 |             Point inner_curr_point = polygon.vertices[i];
      |                   ^~~~~~~~~~~~~~~~
src/Polygon.cc:32:19: warning: variable ‘inner_next_point’ set but not used [-Wunused-but-set-variable]
   32 |             Point inner_next_point = polygon.vertices[(i+1)%outter_sz];
      |                   ^~~~~~~~~~~~~~~~
src/Polygon.cc: In member function ‘virtual bool Polygon::ContainedBy(ReuleauxTriangle&)’:
src/Polygon.cc:49:26: warning: comparison of integer expressions of different signedness: ‘int’ and ‘std::vector<Point>::size_type’ {aka ‘long unsigned int’} [-Wsign-compare]
   49 |         for(int i = 0; i < vertices.size(); i++){
      |                        ~~^~~~~~~~~~~~~~~~~
src/Geom.cc: In static member function ‘static Point Geom::Centroid(const Polygon&)’:
src/Geom.cc:113:18: warning: comparison of integer expressions of different signedness: ‘int’ and ‘std::vector<Point>::size_type’ {aka ‘long unsigned int’} [-Wsign-compare]
  113 |     for(i = 0; i < polygon.vertices.size(); i++){
      |                ~~^~~~~~~~~~~~~~~~~~~~~~~~~
tests/ReuleauxPolygonTest.cc: In member function ‘virtual void ReuleauxPolygon_Contained_Test::TestBody()’:
tests/ReuleauxPolygonTest.cc:18:22: warning: variable ‘rt’ set but not used [-Wunused-but-set-variable]
   18 |     ReuleauxTriangle rt = ReuleauxTriangle(rt_vertices);
      |                      ^~
tests/ReuleauxPolygonTest.cc: In member function ‘virtual void ReuleauxPolygon_Outside_Test::TestBody()’:
tests/ReuleauxPolygonTest.cc:32:22: warning: variable ‘rt’ set but not used [-Wunused-but-set-variable]
   32 |     ReuleauxTriangle rt = ReuleauxTriangle(rt_vertices);
      |                      ^~
tests/ReuleauxPolygonTest.cc: In member function ‘virtual void ReuleauxPolygon_Surround_Test::TestBody()’:
tests/ReuleauxPolygonTest.cc:46:22: warning: variable ‘rt’ set but not used [-Wunused-but-set-variable]
   46 |     ReuleauxTriangle rt = ReuleauxTriangle(rt_vertices);
      |                      ^~
tests/ReuleauxPolygonTest.cc: In member function ‘virtual void ReuleauxPolygon_Intersect_Test::TestBody()’:
tests/ReuleauxPolygonTest.cc:60:22: warning: variable ‘rt’ set but not used [-Wunused-but-set-variable]
   60 |     ReuleauxTriangle rt = ReuleauxTriangle(rt_vertices);
      |                      ^~
tests/ReuleauxPolygonTest.cc: In member function ‘virtual void ReuleauxPolygon_TouchInside_Test::TestBody()’:
tests/ReuleauxPolygonTest.cc:74:22: warning: variable ‘rt’ set but not used [-Wunused-but-set-variable]
   74 |     ReuleauxTriangle rt = ReuleauxTriangle(rt_vertices);
      |                      ^~
tests/ReuleauxPolygonTest.cc: In member function ‘virtual void ReuleauxPolygon_TouchOutside_Test::TestBody()’:
tests/ReuleauxPolygonTest.cc:88:22: warning: variable ‘rt’ set but not used [-Wunused-but-set-variable]
   88 |     ReuleauxTriangle rt = ReuleauxTriangle(rt_vertices);
      |                      ^~
tests/ReuleauxPolygonTest.cc: In member function ‘virtual void ReuleauxPolygon_Conincedent_Test::TestBody()’:
tests/ReuleauxPolygonTest.cc:102:22: warning: variable ‘rt’ set but not used [-Wunused-but-set-variable]
  102 |     ReuleauxTriangle rt = ReuleauxTriangle(rt_vertices);
      |                      ^~
tests/CirclePolygonTest.cc: In member function ‘virtual void CirclePolygon_Contained_Test::TestBody()’:
tests/CirclePolygonTest.cc:17:12: warning: variable ‘circle’ set but not used [-Wunused-but-set-variable]
   17 |     Circle circle = Circle(Point(0.0,0.0), 2.0);
      |            ^~~~~~
tests/CirclePolygonTest.cc: In member function ‘virtual void CirclePolygon_Outside_Test::TestBody()’:
tests/CirclePolygonTest.cc:32:12: warning: variable ‘circle’ set but not used [-Wunused-but-set-variable]
   32 |     Circle circle = Circle(Point(0.0,0.0), 2.0);
      |            ^~~~~~
tests/CirclePolygonTest.cc: In member function ‘virtual void CirclePolygon_Surround_Test::TestBody()’:
tests/CirclePolygonTest.cc:47:12: warning: variable ‘circle’ set but not used [-Wunused-but-set-variable]
   47 |     Circle circle = Circle(Point(0.0,0.0), 2.0);
      |            ^~~~~~
tests/CirclePolygonTest.cc: In member function ‘virtual void CirclePolygon_Intersect_Test::TestBody()’:
tests/CirclePolygonTest.cc:62:12: warning: variable ‘circle’ set but not used [-Wunused-but-set-variable]
   62 |     Circle circle = Circle(Point(0.0,0.0), 2.0);
      |            ^~~~~~
tests/CirclePolygonTest.cc: In member function ‘virtual void CirclePolygon_TouchInside_Test::TestBody()’:
tests/CirclePolygonTest.cc:77:12: warning: variable ‘circle’ set but not used [-Wunused-but-set-variable]
   77 |     Circle circle = Circle(Point(0.0,0.0), 2.0);
      |            ^~~~~~
tests/CirclePolygonTest.cc: In member function ‘virtual void CirclePolygon_TouchOutside_Test::TestBody()’:
tests/CirclePolygonTest.cc:92:12: warning: variable ‘circle’ set but not used [-Wunused-but-set-variable]
   92 |     Circle circle = Circle(Point(0.0,0.0), 2.0);
      |            ^~~~~~
tests/CirclePolygonTest.cc: In member function ‘virtual void CirclePolygon_Conincedent_Test::TestBody()’:
tests/CirclePolygonTest.cc:107:12: warning: variable ‘circle’ set but not used [-Wunused-but-set-variable]
  107 |     Circle circle = Circle(Point(0.0,0.0), 2.0);
      |            ^~~~~~
src/Polygon.cc: In member function ‘virtual bool Polygon::ContainedBy(Circle&)’:
src/Polygon.cc:14:22: warning: comparison of integer expressions of different signedness: ‘int’ and ‘std::vector<Point>::size_type’ {aka ‘long unsigned int’} [-Wsign-compare]
   14 |     for(int i = 0; i < vertices.size(); i++){
      |                    ~~^~~~~~~~~~~~~~~~~
src/Polygon.cc: In member function ‘virtual bool Polygon::ContainedBy(Polygon&)’:
src/Polygon.cc:31:19: warning: variable ‘inner_curr_point’ set but not used [-Wunused-but-set-variable]
   31 |             Point inner_curr_point = polygon.vertices[i];
      |                   ^~~~~~~~~~~~~~~~
src/Polygon.cc:32:19: warning: variable ‘inner_next_point’ set but not used [-Wunused-but-set-variable]
   32 |             Point inner_next_point = polygon.vertices[(i+1)%outter_sz];
      |                   ^~~~~~~~~~~~~~~~
src/Polygon.cc: In member function ‘virtual bool Polygon::ContainedBy(ReuleauxTriangle&)’:
src/Polygon.cc:49:26: warning: comparison of integer expressions of different signedness: ‘int’ and ‘std::vector<Point>::size_type’ {aka ‘long unsigned int’} [-Wsign-compare]
   49 |         for(int i = 0; i < vertices.size(); i++){
      |                        ~~^~~~~~~~~~~~~~~~~
src/Geom.cc: In static member function ‘static Point Geom::Centroid(const Polygon&)’:
src/Geom.cc:113:18: warning: comparison of integer expressions of different signedness: ‘int’ and ‘std::vector<Point>::size_type’ {aka ‘long unsigned int’} [-Wsign-compare]
  113 |     for(i = 0; i < polygon.vertices.size(); i++){
      |                ~~^~~~~~~~~~~~~~~~~~~~~~~~~
tests/ReuleauxPolygonTest.cc: In member function ‘virtual void ReuleauxPolygon_Contained_Test::TestBody()’:
tests/ReuleauxPolygonTest.cc:18:22: warning: variable ‘rt’ set but not used [-Wunused-but-set-variable]
   18 |     ReuleauxTriangle rt = ReuleauxTriangle(rt_vertices);
      |                      ^~
tests/ReuleauxPolygonTest.cc: In member function ‘virtual void ReuleauxPolygon_Outside_Test::TestBody()’:
tests/ReuleauxPolygonTest.cc:32:22: warning: variable ‘rt’ set but not used [-Wunused-but-set-variable]
   32 |     ReuleauxTriangle rt = ReuleauxTriangle(rt_vertices);
      |                      ^~
tests/ReuleauxPolygonTest.cc: In member function ‘virtual void ReuleauxPolygon_Surround_Test::TestBody()’:
tests/ReuleauxPolygonTest.cc:46:22: warning: variable ‘rt’ set but not used [-Wunused-but-set-variable]
   46 |     ReuleauxTriangle rt = ReuleauxTriangle(rt_vertices);
      |                      ^~
tests/ReuleauxPolygonTest.cc: In member function ‘virtual void ReuleauxPolygon_Intersect_Test::TestBody()’:
tests/ReuleauxPolygonTest.cc:60:22: warning: variable ‘rt’ set but not used [-Wunused-but-set-variable]
   60 |     ReuleauxTriangle rt = ReuleauxTriangle(rt_vertices);
      |                      ^~
tests/ReuleauxPolygonTest.cc: In member function ‘virtual void ReuleauxPolygon_TouchInside_Test::TestBody()’:
tests/ReuleauxPolygonTest.cc:74:22: warning: variable ‘rt’ set but not used [-Wunused-but-set-variable]
   74 |     ReuleauxTriangle rt = ReuleauxTriangle(rt_vertices);
      |                      ^~
tests/ReuleauxPolygonTest.cc: In member function ‘virtual void ReuleauxPolygon_TouchOutside_Test::TestBody()’:
tests/ReuleauxPolygonTest.cc:88:22: warning: variable ‘rt’ set but not used [-Wunused-but-set-variable]
   88 |     ReuleauxTriangle rt = ReuleauxTriangle(rt_vertices);
      |                      ^~
tests/ReuleauxPolygonTest.cc: In member function ‘virtual void ReuleauxPolygon_Conincedent_Test::TestBody()’:
tests/ReuleauxPolygonTest.cc:102:22: warning: variable ‘rt’ set but not used [-Wunused-but-set-variable]
  102 |     ReuleauxTriangle rt = ReuleauxTriangle(rt_vertices);
      |                      ^~
tests/CirclePolygonTest.cc: In member function ‘virtual void CirclePolygon_Contained_Test::TestBody()’:
tests/CirclePolygonTest.cc:17:12: warning: variable ‘circle’ set but not used [-Wunused-but-set-variable]
   17 |     Circle circle = Circle(Point(0.0,0.0), 2.0);
      |            ^~~~~~
tests/CirclePolygonTest.cc: In member function ‘virtual void CirclePolygon_Outside_Test::TestBody()’:
tests/CirclePolygonTest.cc:32:12: warning: variable ‘circle’ set but not used [-Wunused-but-set-variable]
   32 |     Circle circle = Circle(Point(0.0,0.0), 2.0);
      |            ^~~~~~
tests/CirclePolygonTest.cc: In member function ‘virtual void CirclePolygon_Surround_Test::TestBody()’:
tests/CirclePolygonTest.cc:47:12: warning: variable ‘circle’ set but not used [-Wunused-but-set-variable]
   47 |     Circle circle = Circle(Point(0.0,0.0), 2.0);
      |            ^~~~~~
tests/CirclePolygonTest.cc: In member function ‘virtual void CirclePolygon_Intersect_Test::TestBody()’:
tests/CirclePolygonTest.cc:62:12: warning: variable ‘circle’ set but not used [-Wunused-but-set-variable]
   62 |     Circle circle = Circle(Point(0.0,0.0), 2.0);
      |            ^~~~~~
tests/CirclePolygonTest.cc: In member function ‘virtual void CirclePolygon_TouchInside_Test::TestBody()’:
tests/CirclePolygonTest.cc:77:12: warning: variable ‘circle’ set but not used [-Wunused-but-set-variable]
   77 |     Circle circle = Circle(Point(0.0,0.0), 2.0);
      |            ^~~~~~
tests/CirclePolygonTest.cc: In member function ‘virtual void CirclePolygon_TouchOutside_Test::TestBody()’:
tests/CirclePolygonTest.cc:92:12: warning: variable ‘circle’ set but not used [-Wunused-but-set-variable]
   92 |     Circle circle = Circle(Point(0.0,0.0), 2.0);
      |            ^~~~~~
tests/CirclePolygonTest.cc: In member function ‘virtual void CirclePolygon_Conincedent_Test::TestBody()’:
tests/CirclePolygonTest.cc:107:12: warning: variable ‘circle’ set but not used [-Wunused-but-set-variable]
  107 |     Circle circle = Circle(Point(0.0,0.0), 2.0);
      |            ^~~~~~
